<?xml version="1.0" encoding="UTF-8"?>
<!-- Generated by org.testng.reporters.JUnitXMLReporter -->
<testsuite hostname="DQXWHRHMG8HFBHS" ignored="0" name="test1" tests="4" failures="0" timestamp="01 三月 2018 13:07:03 GMT" time="0.187" errors="0">
  <testcase name="runTest" time="0.006" classname="com.CommonUtils.GetTestData.MyTester"/>
  <testcase name="runTest" time="0.001" classname="com.CommonUtils.GetTestData.MyTester"/>
  <testcase name="runTest" time="0.002" classname="com.CommonUtils.GetTestData.MyTester"/>
  <testcase name="runTest" time="0.001" classname="com.CommonUtils.GetTestData.MyTester"/>
</testsuite> <!-- test1 -->
